[2017/08/30 00:08:42 067] grm_lex    267  SYS_MSG_UNLOAD  
[2017/08/30 00:08:42 067] grm_lex    281  SYS_MSG_REGCB  
[2017/08/30 00:08:42 067] grm_lex    251  ISR_MSG_BUILDGRAMMAR  
[2017/08/30 00:08:42 067] grm_lex    100  grm_type :  bnf  
[2017/08/30 00:08:42 067] grm_lex    106  engine_type  :  local  
[2017/08/30 00:08:42 067] grm_lex    106  asr_res_path  :  fo|res/asr/common.jet  
[2017/08/30 00:08:42 068] grm_lex    106  sample_rate  :  16000  
[2017/08/30 00:08:42 068] grm_lex    106  grm_build_path  :  res/asr/GrmBuilld  
[2017/08/30 00:08:42 087] grm_lex    254  ISR_MSG_BUILDGRAMMAR ret =  0  
[2017/08/30 00:08:42 158] grm_lex    71   0  call  
============================================================
Time  2017/08/30 00:22:23 561 
============================================================
[2017/08/30 00:22:23 562] grm_lex    264  SYS_MSG_LOAD  
[2017/08/30 00:22:23 562] grm_lex    281  SYS_MSG_REGCB  
[2017/08/30 00:22:23 562] grm_lex    267  SYS_MSG_UNLOAD  
[2017/08/30 00:22:23 562] grm_lex    281  SYS_MSG_REGCB  
[2017/08/30 00:22:23 562] grm_lex    251  ISR_MSG_BUILDGRAMMAR  
[2017/08/30 00:22:23 562] grm_lex    100  grm_type :  bnf  
[2017/08/30 00:22:23 562] grm_lex    106  engine_type  :  local  
[2017/08/30 00:22:23 563] grm_lex    106  asr_res_path  :  fo|res/asr/common.jet  
[2017/08/30 00:22:23 563] grm_lex    106  sample_rate  :  16000  
[2017/08/30 00:22:23 563] grm_lex    106  grm_build_path  :  res/asr/GrmBuilld  
[2017/08/30 00:22:23 577] grm_lex    254  ISR_MSG_BUILDGRAMMAR ret =  0  
[2017/08/30 00:22:23 610] grm_lex    71   0  call  
============================================================
Time  2017/08/30 00:23:40 147 
============================================================
[2017/08/30 00:23:40 148] grm_lex    264  SYS_MSG_LOAD  
[2017/08/30 00:23:40 148] grm_lex    281  SYS_MSG_REGCB  
[2017/08/30 00:23:40 148] grm_lex    267  SYS_MSG_UNLOAD  
[2017/08/30 00:23:40 148] grm_lex    281  SYS_MSG_REGCB  
[2017/08/30 00:23:40 148] grm_lex    251  ISR_MSG_BUILDGRAMMAR  
[2017/08/30 00:23:40 149] grm_lex    100  grm_type :  bnf  
[2017/08/30 00:23:40 149] grm_lex    106  engine_type  :  local  
[2017/08/30 00:23:40 149] grm_lex    106  asr_res_path  :  fo|res/asr/common.jet  
[2017/08/30 00:23:40 149] grm_lex    106  sample_rate  :  16000  
[2017/08/30 00:23:40 149] grm_lex    106  grm_build_path  :  res/asr/GrmBuilld  
[2017/08/30 00:23:40 154] grm_lex    254  ISR_MSG_BUILDGRAMMAR ret =  0  
[2017/08/30 00:23:40 185] grm_lex    71   0  call  
============================================================
Time  2017/08/30 00:26:24 678 
============================================================
[2017/08/30 00:26:24 679] grm_lex    264  SYS_MSG_LOAD  
[2017/08/30 00:26:24 679] grm_lex    281  SYS_MSG_REGCB  
[2017/08/30 00:26:24 679] grm_lex    267  SYS_MSG_UNLOAD  
[2017/08/30 00:26:24 680] grm_lex    281  SYS_MSG_REGCB  
[2017/08/30 00:26:24 680] grm_lex    251  ISR_MSG_BUILDGRAMMAR  
[2017/08/30 00:26:24 680] grm_lex    100  grm_type :  bnf  
[2017/08/30 00:26:24 680] grm_lex    106  engine_type  :  local  
[2017/08/30 00:26:24 680] grm_lex    106  asr_res_path  :  fo|res/asr/common.jet  
[2017/08/30 00:26:24 680] grm_lex    106  sample_rate  :  16000  
[2017/08/30 00:26:24 680] grm_lex    106  grm_build_path  :  res/asr/GrmBuilld  
[2017/08/30 00:26:24 698] grm_lex    254  ISR_MSG_BUILDGRAMMAR ret =  0  
[2017/08/30 00:26:24 764] grm_lex    71   0  call  
============================================================
Time  2017/08/30 00:35:29 291 
============================================================
[2017/08/30 00:35:29 292] grm_lex    264  SYS_MSG_LOAD  
[2017/08/30 00:35:29 292] grm_lex    281  SYS_MSG_REGCB  
[2017/08/30 00:35:29 300] grm_lex    267  SYS_MSG_UNLOAD  
[2017/08/30 00:35:29 300] grm_lex    281  SYS_MSG_REGCB  
[2017/08/30 00:35:29 300] grm_lex    251  ISR_MSG_BUILDGRAMMAR  
[2017/08/30 00:35:29 300] grm_lex    100  grm_type :  bnf  
[2017/08/30 00:35:29 300] grm_lex    106  engine_type  :  local  
[2017/08/30 00:35:29 300] grm_lex    106  asr_res_path  :  fo|res/asr/common.jet  
[2017/08/30 00:35:29 300] grm_lex    106  sample_rate  :  16000  
[2017/08/30 00:35:29 300] grm_lex    106  grm_build_path  :  res/asr/GrmBuilld  
[2017/08/30 00:35:29 309] grm_lex    254  ISR_MSG_BUILDGRAMMAR ret =  0  
[2017/08/30 00:35:29 378] grm_lex    71   0  call  
============================================================
Time  2017/08/30 00:41:15 870 
============================================================
[2017/08/30 00:41:15 873] grm_lex    264  SYS_MSG_LOAD  
[2017/08/30 00:41:15 873] grm_lex    281  SYS_MSG_REGCB  
[2017/08/30 00:41:15 879] grm_lex    267  SYS_MSG_UNLOAD  
[2017/08/30 00:41:15 879] grm_lex    281  SYS_MSG_REGCB  
[2017/08/30 00:41:15 879] grm_lex    251  ISR_MSG_BUILDGRAMMAR  
[2017/08/30 00:41:15 879] grm_lex    100  grm_type :  bnf  
[2017/08/30 00:41:15 879] grm_lex    106  engine_type  :  local  
[2017/08/30 00:41:15 880] grm_lex    106  asr_res_path  :  fo|res/asr/common.jet  
[2017/08/30 00:41:15 880] grm_lex    106  sample_rate  :  16000  
[2017/08/30 00:41:15 880] grm_lex    106  grm_build_path  :  res/asr/GrmBuilld  
[2017/08/30 00:41:15 890] grm_lex    254  ISR_MSG_BUILDGRAMMAR ret =  0  
[2017/08/30 00:41:15 953] grm_lex    71   0  call  
============================================================
Time  2017/08/30 03:47:20 097 
============================================================
[2017/08/30 03:47:20 098] grm_lex    264  SYS_MSG_LOAD  
[2017/08/30 03:47:20 098] grm_lex    281  SYS_MSG_REGCB  
[2017/08/30 03:47:20 100] grm_lex    267  SYS_MSG_UNLOAD  
[2017/08/30 03:47:20 100] grm_lex    281  SYS_MSG_REGCB  
[2017/08/30 03:47:20 100] grm_lex    251  ISR_MSG_BUILDGRAMMAR  
[2017/08/30 03:47:20 100] grm_lex    100  grm_type :  bnf  
[2017/08/30 03:47:20 100] grm_lex    106  engine_type  :  local  
[2017/08/30 03:47:20 100] grm_lex    106  asr_res_path  :  fo|res/asr/common.jet  
[2017/08/30 03:47:20 100] grm_lex    106  sample_rate  :  16000  
[2017/08/30 03:47:20 100] grm_lex    106  grm_build_path  :  res/asr/GrmBuilld  
[2017/08/30 03:47:20 110] grm_lex    254  ISR_MSG_BUILDGRAMMAR ret =  0  
[2017/08/30 03:47:20 165] grm_lex    71   0  call  
============================================================
Time  2017/08/30 03:49:21 681 
============================================================
[2017/08/30 03:49:21 681] grm_lex    264  SYS_MSG_LOAD  
[2017/08/30 03:49:21 681] grm_lex    281  SYS_MSG_REGCB  
[2017/08/30 03:49:21 682] grm_lex    267  SYS_MSG_UNLOAD  
[2017/08/30 03:49:21 682] grm_lex    281  SYS_MSG_REGCB  
[2017/08/30 03:49:21 682] grm_lex    251  ISR_MSG_BUILDGRAMMAR  
[2017/08/30 03:49:21 682] grm_lex    100  grm_type :  bnf  
[2017/08/30 03:49:21 682] grm_lex    106  engine_type  :  local  
[2017/08/30 03:49:21 682] grm_lex    106  asr_res_path  :  fo|res/asr/common.jet  
[2017/08/30 03:49:21 683] grm_lex    106  sample_rate  :  16000  
[2017/08/30 03:49:21 683] grm_lex    106  grm_build_path  :  res/asr/GrmBuilld  
[2017/08/30 03:49:21 698] grm_lex    254  ISR_MSG_BUILDGRAMMAR ret =  0  
[2017/08/30 03:49:21 730] grm_lex    71   0  call  
============================================================
Time  2017/08/30 03:51:54 651 
============================================================
[2017/08/30 03:51:54 651] grm_lex    264  SYS_MSG_LOAD  
[2017/08/30 03:51:54 652] grm_lex    281  SYS_MSG_REGCB  
[2017/08/30 03:51:54 652] grm_lex    281  SYS_MSG_REGCB  
[2017/08/30 03:51:54 652] grm_lex    267  SYS_MSG_UNLOAD  
[2017/08/30 03:51:54 652] grm_lex    251  ISR_MSG_BUILDGRAMMAR  
[2017/08/30 03:51:54 652] grm_lex    100  grm_type :  bnf  
[2017/08/30 03:51:54 652] grm_lex    106  engine_type  :  local  
[2017/08/30 03:51:54 652] grm_lex    106  asr_res_path  :  fo|res/asr/common.jet  
[2017/08/30 03:51:54 652] grm_lex    106  sample_rate  :  16000  
[2017/08/30 03:51:54 652] grm_lex    106  grm_build_path  :  res/asr/GrmBuilld  
[2017/08/30 03:51:54 658] grm_lex    254  ISR_MSG_BUILDGRAMMAR ret =  0  
[2017/08/30 03:51:54 703] grm_lex    71   0  call  
============================================================
Time  2017/08/30 23:39:13 955 
============================================================
[2017/08/30 23:39:13 956] grm_lex    264  SYS_MSG_LOAD  
[2017/08/30 23:39:13 957] grm_lex    281  SYS_MSG_REGCB  
[2017/08/30 23:39:13 957] grm_lex    267  SYS_MSG_UNLOAD  
[2017/08/30 23:39:13 957] grm_lex    281  SYS_MSG_REGCB  
[2017/08/30 23:39:13 958] grm_lex    251  ISR_MSG_BUILDGRAMMAR  
[2017/08/30 23:39:13 958] grm_lex    100  grm_type :  bnf  
[2017/08/30 23:39:13 958] grm_lex    106  engine_type  :  local  
[2017/08/30 23:39:13 958] grm_lex    106  asr_res_path  :  fo|res/asr/common.jet  
[2017/08/30 23:39:13 958] grm_lex    106  sample_rate  :  16000  
[2017/08/30 23:39:13 958] grm_lex    106  grm_build_path  :  res/asr/GrmBuilld  
[2017/08/30 23:39:13 966] grm_lex    254  ISR_MSG_BUILDGRAMMAR ret =  0  
[2017/08/30 23:39:14 053] grm_lex    71   0  call  
============================================================
Time  2017/08/30 23:42:02 888 
============================================================
[2017/08/30 23:42:02 888] grm_lex    264  SYS_MSG_LOAD  
[2017/08/30 23:42:02 889] grm_lex    281  SYS_MSG_REGCB  
[2017/08/30 23:42:02 889] grm_lex    267  SYS_MSG_UNLOAD  
[2017/08/30 23:42:02 889] grm_lex    281  SYS_MSG_REGCB  
[2017/08/30 23:42:02 889] grm_lex    251  ISR_MSG_BUILDGRAMMAR  
[2017/08/30 23:42:02 889] grm_lex    100  grm_type :  bnf  
[2017/08/30 23:42:02 889] grm_lex    106  engine_type  :  local  
[2017/08/30 23:42:02 889] grm_lex    106  asr_res_path  :  fo|res/asr/common.jet  
[2017/08/30 23:42:02 890] grm_lex    106  sample_rate  :  16000  
[2017/08/30 23:42:02 890] grm_lex    106  grm_build_path  :  res/asr/GrmBuilld  
[2017/08/30 23:42:02 897] grm_lex    254  ISR_MSG_BUILDGRAMMAR ret =  0  
[2017/08/30 23:42:02 927] grm_lex    71   0  call  
