============================================================
Time  2017/08/29 23:47:53 543 
============================================================
[2017/08/29 23:47:53 554] isr_local  2168 os_type is:  Linux  
[2017/08/29 23:47:53 554] isr_local  2177 SYS_MSG_LOAD_LOCAL  
[2017/08/29 23:47:53 555] isr_local  2206 SYS_MSG_REGCB_LOCAL| param0 =  msp_status_cb  
[2017/08/29 23:47:53 555] isr_local  2265 last gc at  1504075673  
[2017/08/29 23:47:53 558] isr_local  2206 SYS_MSG_REGCB_LOCAL| param0 =  build_grm_cb  
[2017/08/29 23:47:53 558] isr_local  2265 last gc at  1504075673  
[2017/08/29 23:47:53 559] isr_local  2219 ASR_LOCAL_MSG_BUILD_GRM  
[2017/08/29 23:47:53 559] isr_local  1860 grm_init | params:  engine_type = local, 		asr_res_path = fo|res/asr/common.jet, sample_rate = 16000, 		grm_build_path = res/asr/GrmBuilld,   
[2017/08/29 23:47:53 559] isr_local  803  engine_type  :  local  
[2017/08/29 23:47:53 559] isr_local  803  asr_res_path  :  fo|res/asr/common.jet  
[2017/08/29 23:47:53 559] isr_local  803  sample_rate  :  16000  
[2017/08/29 23:47:53 559] isr_local  803  grm_build_path  :  res/asr/GrmBuilld  
[2017/08/29 23:47:53 560] isr_local  1000 file count =   1  
[2017/08/29 23:47:53 560] isr_local  923  file open type is:   fo  
[2017/08/29 23:47:53 561] isr_local  956  res/asr/common.jet  0  0  
[2017/08/29 23:47:53 561] isr_local  1018 speech_plus_setting  0  
[2017/08/29 23:47:53 561] isr_local  1031 2  nil  res/asr/common.jet  0  0  
[2017/08/29 23:47:53 562] isr_local  1033 res_ver  2  
[2017/08/29 23:47:53 562] isr_local  1034 res 5  74903b19120929fe418020e88fe3945b  
[2017/08/29 23:47:53 562] isr_local  1035 res_new_old_mark  v5pp  
[2017/08/29 23:47:53 562] isr_local  1036 res_usr_name    
[2017/08/29 23:47:53 562] isr_local  1037 res_expires  1505813320  
[2017/08/29 23:47:53 562] isr_local  1038 err  0  
[2017/08/29 23:47:53 562] isr_local  1054 lgi appid 5  74903b19120929fe418020e88fe3945b  
[2017/08/29 23:47:53 562] isr_local  1069 now expires:  1504075673  1505813320  
[2017/08/29 23:47:53 563] isr_local  1601 proc_retcode_grm | errorcode =  0  
[2017/08/29 23:47:53 590] isr_local  1979 grammar id:call  
[2017/08/29 23:47:53 593] isr_local  1593 onGrmLocalServiceCb  0  call  
